#
# There is insufficient memory for the Java Runtime Environment to continue.
# Native memory allocation (malloc) failed to allocate 955536 bytes for Chunk::new
# Possible reasons:
#   The system is out of physical RAM or swap space
#   The process is running with CompressedOops enabled, and the Java Heap may be blocking the growth of the native heap
# Possible solutions:
#   Reduce memory load on the system
#   Increase physical memory or swap space
#   Check if swap backing store is full
#   Decrease Java heap size (-Xmx/-Xms)
#   Decrease number of Java threads
#   Decrease Java thread stack sizes (-Xss)
#   Set larger code cache with -XX:ReservedCodeCacheSize=
#   JVM is running with Unscaled Compressed Oops mode in which the Java heap is
#     placed in the first 4GB address space. The Java Heap base address is the
#     maximum limit for the native heap growth. Please use -XX:HeapBaseMinAddress
#     to set the Java Heap base and to place the Java Heap above 4GB virtual address.
# This output file may be truncated or incomplete.
#
#  Out of Memory Error (allocation.cpp:389), pid=11760, tid=0x0000000000001b70
#
# JRE version: OpenJDK Runtime Environment (8.0_212-b04) (build 1.8.0_212-release-1586-b04)
# Java VM: OpenJDK 64-Bit Server VM (25.212-b04 mixed mode windows-amd64 compressed oops)
# Failed to write core dump. Minidumps are not enabled by default on client versions of Windows
#

---------------  T H R E A D  ---------------

Current thread (0x000000001698c800):  JavaThread "C2 CompilerThread1" daemon [_thread_in_native, id=7024, stack(0x00000000180f0000,0x00000000181f0000)]

Stack: [0x00000000180f0000,0x00000000181f0000]
[error occurred during error reporting (printing stack bounds), id 0xc0000005]

Native frames: (J=compiled Java code, j=interpreted, Vv=VM code, C=native code)


Current CompileTask:
C2:  18062 7259   !   4       java.net.URLClassLoader$1::run (63 bytes)


---------------  P R O C E S S  ---------------

Java Threads: ( => current thread )
  0x00000000214f6000 JavaThread "WorkerExecutor Queue Thread 4" [_thread_blocked, id=12388, stack(0x0000000024770000,0x0000000024870000)]
  0x000000001ad89000 JavaThread "WorkerExecutor Queue Thread 3" [_thread_blocked, id=1972, stack(0x0000000024670000,0x0000000024770000)]
  0x000000001ad84000 JavaThread "WorkerExecutor Queue Thread 2" [_thread_blocked, id=7692, stack(0x0000000024570000,0x0000000024670000)]
  0x000000001ad83000 JavaThread "WorkerExecutor Queue" [_thread_in_native, id=4136, stack(0x0000000023e10000,0x0000000023f10000)]
  0x000000001ad87800 JavaThread "Cache worker for execution history cache (C:\Users\Admin\AndroidStudioProjects\Calculator_Assignment2\.gradle\5.6.4\executionHistory)" [_thread_blocked, id=4344, stack(0x0000000023d10000,0x0000000023e10000)]
  0x000000001ad87000 JavaThread "Execution worker for ':' Thread 3" [_thread_blocked, id=10524, stack(0x0000000023c10000,0x0000000023d10000)]
  0x000000001ad86000 JavaThread "Execution worker for ':' Thread 2" [_thread_blocked, id=12624, stack(0x0000000023b10000,0x0000000023c10000)]
  0x000000001ad84800 JavaThread "Execution worker for ':'" [_thread_in_vm, id=11928, stack(0x0000000023690000,0x0000000023790000)]
  0x000000001ad85800 JavaThread "Cache worker for file content cache (C:\Users\Admin\AndroidStudioProjects\Calculator_Assignment2\.gradle\5.6.4\fileContent)" [_thread_blocked, id=13172, stack(0x0000000023810000,0x0000000023910000)]
  0x000000001ad82800 JavaThread "Cache worker for file content cache (C:\Users\Admin\.gradle\caches\5.6.4\fileContent)" [_thread_blocked, id=1100, stack(0x0000000022d20000,0x0000000022e20000)]
  0x000000001ad7a000 JavaThread "Memory manager" [_thread_blocked, id=14072, stack(0x0000000022ae0000,0x0000000022be0000)]
  0x000000001ad7f800 JavaThread "Cache worker for Build Output Cleanup Cache (C:\Users\Admin\AndroidStudioProjects\Calculator_Assignment2\.gradle\buildOutputCleanup)" [_thread_blocked, id=4436, stack(0x0000000022c20000,0x0000000022d20000)]
  0x000000001ad80000 JavaThread "pool-1-thread-1" [_thread_blocked, id=9636, stack(0x0000000020980000,0x0000000020a80000)]
  0x000000001ad7d000 JavaThread "Build operations Thread 4" [_thread_blocked, id=9360, stack(0x0000000021210000,0x0000000021310000)]
  0x000000001ad7b800 JavaThread "Build operations Thread 3" [_thread_blocked, id=13608, stack(0x0000000021110000,0x0000000021210000)]
  0x000000001ad7b000 JavaThread "Build operations Thread 2" [_thread_blocked, id=11404, stack(0x0000000021010000,0x0000000021110000)]
  0x000000001ad7e000 JavaThread "Build operations" [_thread_blocked, id=6808, stack(0x0000000020cd0000,0x0000000020dd0000)]
  0x000000001ad7c800 JavaThread "Cache worker for execution history cache (C:\Users\Admin\.gradle\caches\5.6.4\executionHistory)" [_thread_blocked, id=6908, stack(0x0000000020880000,0x0000000020980000)]
  0x0000000019faf000 JavaThread "Cache worker for cache directory md-rule (C:\Users\Admin\.gradle\caches\5.6.4\md-rule)" [_thread_blocked, id=9412, stack(0x0000000020780000,0x0000000020880000)]
  0x0000000019fac800 JavaThread "Cache worker for cache directory md-supplier (C:\Users\Admin\.gradle\caches\5.6.4\md-supplier)" [_thread_blocked, id=4880, stack(0x000000001efb0000,0x000000001f0b0000)]
  0x0000000019fa9800 JavaThread "Cache worker for file hash cache (C:\Users\Admin\AndroidStudioProjects\Calculator_Assignment2\.gradle\5.6.4\fileHashes)" [_thread_blocked, id=11324, stack(0x000000001eab0000,0x000000001ebb0000)]
  0x0000000019fab000 JavaThread "Cache worker for journal cache (C:\Users\Admin\.gradle\caches\journal-1)" [_thread_blocked, id=9944, stack(0x000000001c710000,0x000000001c810000)]
  0x0000000019faf800 JavaThread "File lock request listener" [_thread_in_native, id=8900, stack(0x000000001c610000,0x000000001c710000)]
  0x0000000019fae000 JavaThread "Cache worker for file hash cache (C:\Users\Admin\.gradle\caches\5.6.4\fileHashes)" [_thread_blocked, id=10144, stack(0x000000001c310000,0x000000001c410000)]
  0x000000001a417800 JavaThread "Thread-9" [_thread_blocked, id=5348, stack(0x000000001c210000,0x000000001c310000)]
  0x000000001a46e800 JavaThread "Stdin handler" [_thread_blocked, id=1896, stack(0x000000001c110000,0x000000001c210000)]
  0x000000001a46c000 JavaThread "Asynchronous log dispatcher for DefaultDaemonConnection: socket connection from /127.0.0.1:50737 to /127.0.0.1:50738" [_thread_blocked, id=2944, stack(0x000000001c010000,0x000000001c110000)]
  0x000000001a470000 JavaThread "Daemon worker" [_thread_blocked, id=12176, stack(0x000000001bf10000,0x000000001c010000)]
  0x000000001a3fd000 JavaThread "Cancel handler" [_thread_blocked, id=11688, stack(0x000000001be10000,0x000000001bf10000)]
  0x000000001a3b1800 JavaThread "Handler for socket connection from /127.0.0.1:50737 to /127.0.0.1:50738" [_thread_in_native, id=11596, stack(0x000000001bb10000,0x000000001bc10000)]
  0x000000001a3a4800 JavaThread "Daemon" [_thread_blocked, id=2544, stack(0x000000001ba10000,0x000000001bb10000)]
  0x000000001a39e800 JavaThread "Daemon periodic checks" [_thread_blocked, id=5364, stack(0x000000001b910000,0x000000001ba10000)]
  0x000000001a337000 JavaThread "Incoming local TCP Connector on port 50737" [_thread_in_native, id=13464, stack(0x000000001b6d0000,0x000000001b7d0000)]
  0x00000000186a8800 JavaThread "Daemon health stats" [_thread_blocked, id=13688, stack(0x000000001b090000,0x000000001b190000)]
  0x0000000018318800 JavaThread "Service Thread" daemon [_thread_blocked, id=11372, stack(0x00000000186f0000,0x00000000187f0000)]
  0x0000000016991800 JavaThread "C1 CompilerThread2" daemon [_thread_blocked, id=10716, stack(0x00000000181f0000,0x00000000182f0000)]
=>0x000000001698c800 JavaThread "C2 CompilerThread1" daemon [_thread_in_native, id=7024, stack(0x00000000180f0000,0x00000000181f0000)]
  0x0000000016989800 JavaThread "C2 CompilerThread0" daemon [_thread_in_native, id=10728, stack(0x0000000017ff0000,0x00000000180f0000)]
  0x0000000016996000 JavaThread "Attach Listener" daemon [_thread_blocked, id=10000, stack(0x0000000017ef0000,0x0000000017ff0000)]
  0x0000000016995000 JavaThread "Signal Dispatcher" daemon [_thread_blocked, id=6064, stack(0x0000000017df0000,0x0000000017ef0000)]
  0x000000000301b000 JavaThread "Finalizer" daemon [_thread_blocked, id=8620, stack(0x0000000017bf0000,0x0000000017cf0000)]
  0x0000000016979000 JavaThread "Reference Handler" daemon [_thread_blocked, id=1396, stack(0x0000000017af0000,0x0000000017bf0000)]
  0x0000000002d4e800 JavaThread "main" [_thread_blocked, id=9836, stack(0x0000000002e20000,0x0000000002f20000)]

Other Threads:
  0x0000000016956800 VMThread [stack: 0x00000000179f0000,0x0000000017af0000] [id=5312]
  0x000000001831a000 WatcherThread [stack: 0x00000000187f0000,0x00000000188f0000] [id=12572]

VM state:not at safepoint (normal execution)

VM Mutex/Monitor currently owned by a thread: None

heap address: 0x00000000a0000000, size: 1536 MB, Compressed Oops mode: 32-bit
Narrow klass base: 0x0000000000000000, Narrow klass shift: 3
Compressed class space size: 1073741824 Address: 0x0000000100000000

Heap:
 PSYoungGen      total 142336K, used 21861K [0x00000000e0000000, 0x00000000e9900000, 0x0000000100000000)
  eden space 128000K, 5% used [0x00000000e0000000,0x00000000e075fdc0,0x00000000e7d00000)
  from space 14336K, 99% used [0x00000000e7d00000,0x00000000e8af9790,0x00000000e8b00000)
  to   space 12288K, 0% used [0x00000000e8d00000,0x00000000e8d00000,0x00000000e9900000)
 ParOldGen       total 93696K, used 32132K [0x00000000a0000000, 0x00000000a5b80000, 0x00000000e0000000)
  object space 93696K, 34% used [0x00000000a0000000,0x00000000a1f61200,0x00000000a5b80000)
 Metaspace       used 60307K, capacity 62384K, committed 62552K, reserved 1103872K
  class space    used 8261K, capacity 8715K, committed 8792K, reserved 1048576K

Card table byte_map: [0x00000000123e0000,0x00000000126f0000] byte_map_base: 0x0000000011ee0000

Marking Bits: (ParMarkBitMap*) 0x00000000571a9f30
 Begin Bits: [0x0000000012cf0000, 0x00000000144f0000)
 End Bits:   [0x00000000144f0000, 0x0000000015cf0000)

Polling page: 0x0000000000bd0000

CodeCache: size=245760Kb used=21185Kb max_used=21185Kb free=224574Kb
 bounds [0x0000000003020000, 0x00000000044f0000, 0x0000000012020000]
 total_blobs=7368 nmethods=6579 adapters=702
 compilation: enabled

Compilation events (10 events):
Event: 18.044 Thread 0x0000000016991800 7384       3       com.android.ide.common.resources.ResourceMergerItem::compareTo (9 bytes)
Event: 18.044 Thread 0x0000000016991800 nmethod 7384 0x0000000003948710 code [0x0000000003948880, 0x0000000003948b68]
Event: 18.044 Thread 0x0000000016991800 7385       3       com.android.ide.common.resources.ResourceMergerItem::compareTo (48 bytes)
Event: 18.045 Thread 0x0000000016991800 nmethod 7385 0x0000000003abd3d0 code [0x0000000003abd580, 0x0000000003abdc88]
Event: 18.045 Thread 0x0000000016991800 7383       3       com.google.common.collect.AbstractMapBasedMultimap$WrappedCollection$WrappedIterator::next (14 bytes)
Event: 18.045 Thread 0x0000000016991800 nmethod 7383 0x0000000003879310 code [0x00000000038794a0, 0x00000000038798e8]
Event: 18.045 Thread 0x0000000016991800 7382       3       com.google.common.collect.AbstractMapBasedMultimap$WrappedCollection$WrappedIterator::hasNext (14 bytes)
Event: 18.046 Thread 0x0000000016991800 nmethod 7382 0x0000000003ad3790 code [0x0000000003ad3920, 0x0000000003ad3d68]
Event: 18.046 Thread 0x0000000016991800 7387       3       com.android.ide.common.rendering.api.ResourceNamespace::compareTo (12 bytes)
Event: 18.046 Thread 0x0000000016991800 nmethod 7387 0x0000000003878e90 code [0x0000000003879000, 0x0000000003879228]

GC Heap History (10 events):
Event: 10.743 GC heap before
{Heap before GC invocations=12 (full 2):
 PSYoungGen      total 109568K, used 97792K [0x00000000e0000000, 0x00000000e9900000, 0x0000000100000000)
  eden space 97792K, 100% used [0x00000000e0000000,0x00000000e5f80000,0x00000000e5f80000)
  from space 11776K, 0% used [0x00000000e5f80000,0x00000000e5f80000,0x00000000e6b00000)
  to   space 12288K, 0% used [0x00000000e8d00000,0x00000000e8d00000,0x00000000e9900000)
 ParOldGen       total 93696K, used 17429K [0x00000000a0000000, 0x00000000a5b80000, 0x00000000e0000000)
  object space 93696K, 18% used [0x00000000a0000000,0x00000000a11055c8,0x00000000a5b80000)
 Metaspace       used 44471K, capacity 45532K, committed 45824K, reserved 1089536K
  class space    used 6000K, capacity 6280K, committed 6400K, reserved 1048576K
Event: 10.762 GC heap after
Heap after GC invocations=12 (full 2):
 PSYoungGen      total 140288K, used 12274K [0x00000000e0000000, 0x00000000e9900000, 0x0000000100000000)
  eden space 128000K, 0% used [0x00000000e0000000,0x00000000e0000000,0x00000000e7d00000)
  from space 12288K, 99% used [0x00000000e8d00000,0x00000000e98fc9b8,0x00000000e9900000)
  to   space 14336K, 0% used [0x00000000e7d00000,0x00000000e7d00000,0x00000000e8b00000)
 ParOldGen       total 93696K, used 18064K [0x00000000a0000000, 0x00000000a5b80000, 0x00000000e0000000)
  object space 93696K, 19% used [0x00000000a0000000,0x00000000a11a4320,0x00000000a5b80000)
 Metaspace       used 44471K, capacity 45532K, committed 45824K, reserved 1089536K
  class space    used 6000K, capacity 6280K, committed 6400K, reserved 1048576K
}
Event: 13.588 GC heap before
{Heap before GC invocations=13 (full 2):
 PSYoungGen      total 140288K, used 140274K [0x00000000e0000000, 0x00000000e9900000, 0x0000000100000000)
  eden space 128000K, 100% used [0x00000000e0000000,0x00000000e7d00000,0x00000000e7d00000)
  from space 12288K, 99% used [0x00000000e8d00000,0x00000000e98fc9b8,0x00000000e9900000)
  to   space 14336K, 0% used [0x00000000e7d00000,0x00000000e7d00000,0x00000000e8b00000)
 ParOldGen       total 93696K, used 18064K [0x00000000a0000000, 0x00000000a5b80000, 0x00000000e0000000)
  object space 93696K, 19% used [0x00000000a0000000,0x00000000a11a4320,0x00000000a5b80000)
 Metaspace       used 55140K, capacity 56826K, committed 56960K, reserved 1097728K
  class space    used 7598K, capacity 7990K, committed 8064K, reserved 1048576K
Event: 13.647 GC heap after
Heap after GC invocations=13 (full 2):
 PSYoungGen      total 142336K, used 14332K [0x00000000e0000000, 0x00000000e9900000, 0x0000000100000000)
  eden space 128000K, 0% used [0x00000000e0000000,0x00000000e0000000,0x00000000e7d00000)
  from space 14336K, 99% used [0x00000000e7d00000,0x00000000e8aff010,0x00000000e8b00000)
  to   space 12288K, 0% used [0x00000000e8d00000,0x00000000e8d00000,0x00000000e9900000)
 ParOldGen       total 93696K, used 23691K [0x00000000a0000000, 0x00000000a5b80000, 0x00000000e0000000)
  object space 93696K, 25% used [0x00000000a0000000,0x00000000a1722c48,0x00000000a5b80000)
 Metaspace       used 55140K, capacity 56826K, committed 56960K, reserved 1097728K
  class space    used 7598K, capacity 7990K, committed 8064K, reserved 1048576K
}
Event: 14.604 GC heap before
{Heap before GC invocations=14 (full 2):
 PSYoungGen      total 142336K, used 54958K [0x00000000e0000000, 0x00000000e9900000, 0x0000000100000000)
  eden space 128000K, 31% used [0x00000000e0000000,0x00000000e27acb28,0x00000000e7d00000)
  from space 14336K, 99% used [0x00000000e7d00000,0x00000000e8aff010,0x00000000e8b00000)
  to   space 12288K, 0% used [0x00000000e8d00000,0x00000000e8d00000,0x00000000e9900000)
 ParOldGen       total 93696K, used 23691K [0x00000000a0000000, 0x00000000a5b80000, 0x00000000e0000000)
  object space 93696K, 25% used [0x00000000a0000000,0x00000000a1722c48,0x00000000a5b80000)
 Metaspace       used 57114K, capacity 58998K, committed 59096K, reserved 1099776K
  class space    used 7903K, capacity 8368K, committed 8408K, reserved 1048576K
Event: 14.646 GC heap after
Heap after GC invocations=14 (full 2):
 PSYoungGen      total 140288K, used 11617K [0x00000000e0000000, 0x00000000e9900000, 0x0000000100000000)
  eden space 128000K, 0% used [0x00000000e0000000,0x00000000e0000000,0x00000000e7d00000)
  from space 12288K, 94% used [0x00000000e8d00000,0x00000000e9858758,0x00000000e9900000)
  to   space 14336K, 0% used [0x00000000e7d00000,0x00000000e7d00000,0x00000000e8b00000)
 ParOldGen       total 93696K, used 29427K [0x00000000a0000000, 0x00000000a5b80000, 0x00000000e0000000)
  object space 93696K, 31% used [0x00000000a0000000,0x00000000a1cbcc70,0x00000000a5b80000)
 Metaspace       used 57114K, capacity 58998K, committed 59096K, reserved 1099776K
  class space    used 7903K, capacity 8368K, committed 8408K, reserved 1048576K
}
Event: 14.646 GC heap before
{Heap before GC invocations=15 (full 3):
 PSYoungGen      total 140288K, used 11617K [0x00000000e0000000, 0x00000000e9900000, 0x0000000100000000)
  eden space 128000K, 0% used [0x00000000e0000000,0x00000000e0000000,0x00000000e7d00000)
  from space 12288K, 94% used [0x00000000e8d00000,0x00000000e9858758,0x00000000e9900000)
  to   space 14336K, 0% used [0x00000000e7d00000,0x00000000e7d00000,0x00000000e8b00000)
 ParOldGen       total 93696K, used 29427K [0x00000000a0000000, 0x00000000a5b80000, 0x00000000e0000000)
  object space 93696K, 31% used [0x00000000a0000000,0x00000000a1cbcc70,0x00000000a5b80000)
 Metaspace       used 57114K, capacity 58998K, committed 59096K, reserved 1099776K
  class space    used 7903K, capacity 8368K, committed 8408K, reserved 1048576K
Event: 14.987 GC heap after
Heap after GC invocations=15 (full 3):
 PSYoungGen      total 140288K, used 0K [0x00000000e0000000, 0x00000000e9900000, 0x0000000100000000)
  eden space 128000K, 0% used [0x00000000e0000000,0x00000000e0000000,0x00000000e7d00000)
  from space 12288K, 0% used [0x00000000e8d00000,0x00000000e8d00000,0x00000000e9900000)
  to   space 14336K, 0% used [0x00000000e7d00000,0x00000000e7d00000,0x00000000e8b00000)
 ParOldGen       total 93696K, used 31732K [0x00000000a0000000, 0x00000000a5b80000, 0x00000000e0000000)
  object space 93696K, 33% used [0x00000000a0000000,0x00000000a1efd060,0x00000000a5b80000)
 Metaspace       used 57073K, capacity 58890K, committed 59096K, reserved 1099776K
  class space    used 7890K, capacity 8344K, committed 8408K, reserved 1048576K
}
Event: 17.804 GC heap before
{Heap before GC invocations=16 (full 3):
 PSYoungGen      total 140288K, used 128000K [0x00000000e0000000, 0x00000000e9900000, 0x0000000100000000)
  eden space 128000K, 100% used [0x00000000e0000000,0x00000000e7d00000,0x00000000e7d00000)
  from space 12288K, 0% used [0x00000000e8d00000,0x00000000e8d00000,0x00000000e9900000)
  to   space 14336K, 0% used [0x00000000e7d00000,0x00000000e7d00000,0x00000000e8b00000)
 ParOldGen       total 93696K, used 31732K [0x00000000a0000000, 0x00000000a5b80000, 0x00000000e0000000)
  object space 93696K, 33% used [0x00000000a0000000,0x00000000a1efd060,0x00000000a5b80000)
 Metaspace       used 59834K, capacity 61832K, committed 62040K, reserved 1101824K
  class space    used 8211K, capacity 8687K, committed 8792K, reserved 1048576K
Event: 17.836 GC heap after
Heap after GC invocations=16 (full 3):
 PSYoungGen      total 142336K, used 14309K [0x00000000e0000000, 0x00000000e9900000, 0x0000000100000000)
  eden space 128000K, 0% used [0x00000000e0000000,0x00000000e0000000,0x00000000e7d00000)
  from space 14336K, 99% used [0x00000000e7d00000,0x00000000e8af9790,0x00000000e8b00000)
  to   space 12288K, 0% used [0x00000000e8d00000,0x00000000e8d00000,0x00000000e9900000)
 ParOldGen       total 93696K, used 32132K [0x00000000a0000000, 0x00000000a5b80000, 0x00000000e0000000)
  object space 93696K, 34% used [0x00000000a0000000,0x00000000a1f61200,0x00000000a5b80000)
 Metaspace       used 59834K, capacity 61832K, committed 62040K, reserved 1101824K
  class space    used 8211K, capacity 8687K, committed 8792K, reserved 1048576K
}

Deoptimization events (10 events):
Event: 17.713 Thread 0x000000001ad84800 Uncommon trap: reason=unstable_if action=reinterpret pc=0x000000000385cc60 method=com.sun.org.apache.xerces.internal.utils.XMLSecurityManager.isOverLimit(ILcom/sun/org/apache/xerces/internal/utils/XMLLimitAnalyzer;)Z @ 28
Event: 17.715 Thread 0x000000001ad84800 Uncommon trap: reason=unstable_if action=reinterpret pc=0x000000000441c1d0 method=com.sun.org.apache.xerces.internal.impl.XMLDocumentFragmentScannerImpl.scanEndElement()I @ 136
Event: 17.715 Thread 0x000000001ad84800 Uncommon trap: reason=class_check action=maybe_recompile pc=0x0000000003f68c88 method=java.util.regex.Matcher.search(I)Z @ 86
Event: 17.715 Thread 0x000000001ad84800 Uncommon trap: reason=class_check action=maybe_recompile pc=0x0000000003f68c88 method=java.util.regex.Matcher.search(I)Z @ 86
Event: 17.715 Thread 0x000000001ad84800 Uncommon trap: reason=class_check action=maybe_recompile pc=0x0000000003f68c88 method=java.util.regex.Matcher.search(I)Z @ 86
Event: 17.715 Thread 0x000000001ad84800 Uncommon trap: reason=class_check action=maybe_recompile pc=0x0000000003f68c88 method=java.util.regex.Matcher.search(I)Z @ 86
Event: 17.715 Thread 0x000000001ad84800 Uncommon trap: reason=class_check action=maybe_recompile pc=0x0000000003ec43d8 method=java.util.regex.Matcher.search(I)Z @ 86
Event: 17.734 Thread 0x000000001ad84800 Uncommon trap: reason=unstable_if action=reinterpret pc=0x000000000440f664 method=com.android.utils.PositionXmlParser$DomBuilder.getCurrentPosition()Lcom/android/utils/PositionXmlParser$Position; @ 65
Event: 17.737 Thread 0x000000001ad84800 Uncommon trap: reason=unstable_if action=reinterpret pc=0x000000000444a490 method=com.android.utils.PositionXmlParser$DomBuilder.findOpeningTag(Lcom/android/utils/PositionXmlParser$Position;)Lcom/android/utils/PositionXmlParser$Position; @ 81
Event: 17.844 Thread 0x000000001ad84800 Uncommon trap: reason=unstable_if action=reinterpret pc=0x00000000036766b4 method=java.util.TreeMap.put(Ljava/lang/Object;Ljava/lang/Object;)Ljava/lang/Object; @ 163

Classes redefined (0 events):
No events

Internal exceptions (10 events):
Event: 17.865 Thread 0x000000001ad84800 Exception <a 'java/lang/NoSuchMethodError': <clinit>> (0x00000000e013e878) thrown at [D:\src\AOSP-openjdk-cygwin\jdk8u\hotspot\src\share\vm\prims\jni.cpp, line 1614]
Event: 17.874 Thread 0x000000001ad84800 Exception <a 'java/lang/NoSuchMethodError': <clinit>> (0x00000000e01a2f80) thrown at [D:\src\AOSP-openjdk-cygwin\jdk8u\hotspot\src\share\vm\prims\jni.cpp, line 1614]
Event: 17.880 Thread 0x000000001ad84800 Exception <a 'java/lang/NoSuchMethodError': <clinit>> (0x00000000e01fc3f0) thrown at [D:\src\AOSP-openjdk-cygwin\jdk8u\hotspot\src\share\vm\prims\jni.cpp, line 1614]
Event: 17.882 Thread 0x000000001ad84800 Exception <a 'java/lang/NoSuchMethodError': <clinit>> (0x00000000e0221428) thrown at [D:\src\AOSP-openjdk-cygwin\jdk8u\hotspot\src\share\vm\prims\jni.cpp, line 1614]
Event: 17.883 Thread 0x000000001ad84800 Exception <a 'java/lang/NoSuchMethodError': <clinit>> (0x00000000e0226040) thrown at [D:\src\AOSP-openjdk-cygwin\jdk8u\hotspot\src\share\vm\prims\jni.cpp, line 1614]
Event: 17.883 Thread 0x000000001ad84800 Exception <a 'java/lang/NoSuchMethodError': <clinit>> (0x00000000e02294d8) thrown at [D:\src\AOSP-openjdk-cygwin\jdk8u\hotspot\src\share\vm\prims\jni.cpp, line 1614]
Event: 17.884 Thread 0x000000001ad84800 Exception <a 'java/lang/NoSuchMethodError': <clinit>> (0x00000000e0240b08) thrown at [D:\src\AOSP-openjdk-cygwin\jdk8u\hotspot\src\share\vm\prims\jni.cpp, line 1614]
Event: 17.885 Thread 0x000000001ad84800 Exception <a 'java/lang/NoSuchMethodError': <clinit>> (0x00000000e0256478) thrown at [D:\src\AOSP-openjdk-cygwin\jdk8u\hotspot\src\share\vm\prims\jni.cpp, line 1614]
Event: 17.887 Thread 0x000000001ad84800 Exception <a 'java/lang/NoSuchMethodError': <clinit>> (0x00000000e0273b48) thrown at [D:\src\AOSP-openjdk-cygwin\jdk8u\hotspot\src\share\vm\prims\jni.cpp, line 1614]
Event: 17.889 Thread 0x000000001ad84800 Exception <a 'java/lang/NoSuchMethodError': <clinit>> (0x00000000e0287130) thrown at [D:\src\AOSP-openjdk-cygwin\jdk8u\hotspot\src\share\vm\prims\jni.cpp, line 1614]

Events (10 events):
Event: 18.013 Thread 0x0000000016991800 flushing nmethod 0x0000000003ad2250
Event: 18.016 Thread 0x0000000016991800 flushing nmethod 0x0000000003dc4090
Event: 18.021 Thread 0x0000000016991800 flushing nmethod 0x0000000003fe1590
Event: 18.022 Thread 0x0000000016991800 flushing nmethod 0x000000000414de10
Event: 18.047 loading class com/google/common/collect/AbstractMapBasedMultimap$WrappedList$WrappedListIterator
Event: 18.047 loading class com/google/common/collect/AbstractMapBasedMultimap$WrappedList$WrappedListIterator done
Event: 18.059 Executing VM operation: Deoptimize
Event: 18.059 loading class com/google/common/io/CharSource$StringCharSource
Event: 18.059 loading class com/google/common/io/CharSource$StringCharSource done
Event: 18.060 Executing VM operation: Deoptimize done


Dynamic libraries:
0x00007ff6db800000 - 0x00007ff6db831000 	C:\Program Files\Android\Android Studio1\jre\bin\java.exe
0x00007fff13bc0000 - 0x00007fff13db0000 	C:\WINDOWS\SYSTEM32\ntdll.dll
0x00007fff13ac0000 - 0x00007fff13b72000 	C:\WINDOWS\System32\KERNEL32.DLL
0x00007fff11790000 - 0x00007fff11a33000 	C:\WINDOWS\System32\KERNELBASE.dll
0x00007fff12d80000 - 0x00007fff12e23000 	C:\WINDOWS\System32\ADVAPI32.dll
0x00007fff12eb0000 - 0x00007fff12f4e000 	C:\WINDOWS\System32\msvcrt.dll
0x00007fff12a10000 - 0x00007fff12aa7000 	C:\WINDOWS\System32\sechost.dll
0x00007fff11f60000 - 0x00007fff12080000 	C:\WINDOWS\System32\RPCRT4.dll
0x00007fff126c0000 - 0x00007fff12854000 	C:\WINDOWS\System32\USER32.dll
0x00007fff10f60000 - 0x00007fff10f81000 	C:\WINDOWS\System32\win32u.dll
0x00007fff11ef0000 - 0x00007fff11f16000 	C:\WINDOWS\System32\GDI32.dll
0x00007fff11ad0000 - 0x00007fff11c64000 	C:\WINDOWS\System32\gdi32full.dll
0x00007fff10c70000 - 0x00007fff10d0e000 	C:\WINDOWS\System32\msvcp_win.dll
0x00007fff10b70000 - 0x00007fff10c6a000 	C:\WINDOWS\System32\ucrtbase.dll
0x00007ffef4c90000 - 0x00007ffef4f15000 	C:\WINDOWS\WinSxS\amd64_microsoft.windows.common-controls_6595b64144ccf1df_6.0.18362.778_none_e6c6b761130d4fb8\COMCTL32.dll
0x00007fff12230000 - 0x00007fff12566000 	C:\WINDOWS\System32\combase.dll
0x00007fff10f90000 - 0x00007fff11010000 	C:\WINDOWS\System32\bcryptPrimitives.dll
0x00007fff11f20000 - 0x00007fff11f4e000 	C:\WINDOWS\System32\IMM32.DLL
0x0000000057550000 - 0x0000000057622000 	C:\Program Files\Android\Android Studio1\jre\jre\bin\msvcr100.dll
0x00000000569e0000 - 0x0000000057226000 	C:\Program Files\Android\Android Studio1\jre\jre\bin\server\jvm.dll
0x00007fff13640000 - 0x00007fff13648000 	C:\WINDOWS\System32\PSAPI.DLL
0x00007fff0c730000 - 0x00007fff0c739000 	C:\WINDOWS\SYSTEM32\WSOCK32.dll
0x00007fff0b880000 - 0x00007fff0b8a4000 	C:\WINDOWS\SYSTEM32\WINMM.dll
0x00007fff082e0000 - 0x00007fff082ea000 	C:\WINDOWS\SYSTEM32\VERSION.dll
0x00007fff12860000 - 0x00007fff128cf000 	C:\WINDOWS\System32\WS2_32.dll
0x00007fff0b760000 - 0x00007fff0b78d000 	C:\WINDOWS\SYSTEM32\winmmbase.dll
0x00007fff10d10000 - 0x00007fff10d5a000 	C:\WINDOWS\System32\cfgmgr32.dll
0x00007fff0b440000 - 0x00007fff0b44f000 	C:\Program Files\Android\Android Studio1\jre\jre\bin\verify.dll
0x00007ffee5bc0000 - 0x00007ffee5be9000 	C:\Program Files\Android\Android Studio1\jre\jre\bin\java.dll
0x00007ffed4fc0000 - 0x00007ffed4fd6000 	C:\Program Files\Android\Android Studio1\jre\jre\bin\zip.dll
0x00007fff12f50000 - 0x00007fff13635000 	C:\WINDOWS\System32\SHELL32.dll
0x00007fff11cd0000 - 0x00007fff11d79000 	C:\WINDOWS\System32\shcore.dll
0x00007fff11010000 - 0x00007fff11790000 	C:\WINDOWS\System32\windows.storage.dll
0x00007fff10b20000 - 0x00007fff10b43000 	C:\WINDOWS\System32\profapi.dll
0x00007fff10ad0000 - 0x00007fff10b1a000 	C:\WINDOWS\System32\powrprof.dll
0x00007fff10a80000 - 0x00007fff10a90000 	C:\WINDOWS\System32\UMPDC.dll
0x00007fff11c70000 - 0x00007fff11cc2000 	C:\WINDOWS\System32\shlwapi.dll
0x00007fff10a90000 - 0x00007fff10aa1000 	C:\WINDOWS\System32\kernel.appcore.dll
0x00007fff10b50000 - 0x00007fff10b67000 	C:\WINDOWS\System32\cryptsp.dll
0x00007ffed4fa0000 - 0x00007ffed4fba000 	C:\Program Files\Android\Android Studio1\jre\jre\bin\net.dll
0x00007fff04170000 - 0x00007fff04345000 	C:\WINDOWS\SYSTEM32\urlmon.dll
0x00007fff03e40000 - 0x00007fff040e6000 	C:\WINDOWS\SYSTEM32\iertutil.dll
0x00007fff104c0000 - 0x00007fff104cc000 	C:\WINDOWS\SYSTEM32\CRYPTBASE.DLL
0x00007fff102f0000 - 0x00007fff10357000 	C:\WINDOWS\system32\mswsock.dll
0x00007ffed4f80000 - 0x00007ffed4f93000 	C:\Program Files\Android\Android Studio1\jre\jre\bin\nio.dll
0x00007fff0c070000 - 0x00007fff0c096000 	C:\Users\Admin\.gradle\native\30\windows-amd64\native-platform.dll
0x00007fff0ac90000 - 0x00007fff0ac9d000 	C:\Program Files\Android\Android Studio1\jre\jre\bin\management.dll
0x00007fff0fe60000 - 0x00007fff0fe93000 	C:\WINDOWS\system32\rsaenh.dll
0x00007fff11aa0000 - 0x00007fff11ac6000 	C:\WINDOWS\System32\bcrypt.dll
0x00007fff10970000 - 0x00007fff10995000 	C:\WINDOWS\SYSTEM32\USERENV.dll
0x00007fff10000000 - 0x00007fff1003a000 	C:\WINDOWS\SYSTEM32\IPHLPAPI.DLL
0x00007fff11f50000 - 0x00007fff11f58000 	C:\WINDOWS\System32\NSI.dll
0x00007fff08a70000 - 0x00007fff08a86000 	C:\WINDOWS\SYSTEM32\dhcpcsvc6.DLL
0x00007fff09d20000 - 0x00007fff09d3c000 	C:\WINDOWS\SYSTEM32\dhcpcsvc.DLL
0x00007fff10040000 - 0x00007fff1010a000 	C:\WINDOWS\SYSTEM32\DNSAPI.dll

VM Arguments:
jvm_args: -Xmx1536m -Dfile.encoding=windows-1252 -Duser.country=IN -Duser.language=en -Duser.variant 
java_command: org.gradle.launcher.daemon.bootstrap.GradleDaemon 5.6.4
java_class_path (initial): C:\Users\Admin\.gradle\wrapper\dists\gradle-5.6.4-all\ankdp27end7byghfw1q2sw75f\gradle-5.6.4\lib\gradle-launcher-5.6.4.jar
Launcher Type: SUN_STANDARD

Environment Variables:
PATH=C:\WINDOWS\system32;C:\WINDOWS;C:\WINDOWS\System32\Wbem;C:\WINDOWS\System32\WindowsPowerShell\v1.0\;C:\WINDOWS\System32\OpenSSH\;C:\Program Files\dotnet\;C:\Program Files\Microsoft SQL Server\Client SDK\ODBC\170\Tools\Binn\;C:\Program Files (x86)\Microsoft SQL Server\110\Tools\Binn\;C:\Program Files\Microsoft SQL Server\110\Tools\Binn\;C:\Program Files\Microsoft SQL Server\110\DTS\Binn\;C:\WINDOWS\system32\config\systemprofile\.dnx\bin;C:\Program Files\Microsoft DNX\Dnvm\;C:\Users\Admin\AppData\Local\Programs\Python\Python37-32\Scripts\;C:\Users\Admin\AppData\Local\Programs\Python\Python37-32\;C:\Users\Admin\AppData\Local\Programs\MiKTeX 2.9\miktex\bin\x64\;C:\Users\Admin\AppData\Local\Microsoft\WindowsApps;;C:\Users\Admin\AppData\Local\Programs\Microsoft VS Code\bin
USERNAME=Admin
OS=Windows_NT
PROCESSOR_IDENTIFIER=Intel64 Family 6 Model 78 Stepping 3, GenuineIntel



---------------  S Y S T E M  ---------------

OS: Windows 10.0 , 64 bit Build 18362 (10.0.18362.778)

CPU:total 4 (initial active 4) (2 cores per cpu, 2 threads per core) family 6 model 78 stepping 3, cmov, cx8, fxsr, mmx, sse, sse2, sse3, ssse3, sse4.1, sse4.2, popcnt, avx, avx2, aes, clmul, erms, rtm, 3dnowpref, lzcnt, ht, tsc, tscinvbit, bmi1, bmi2, adx

Memory: 4k page, physical 8267904k(305684k free), swap 27403900k(5136k free)

vm_info: OpenJDK 64-Bit Server VM (25.212-b04) for windows-amd64 JRE (1.8.0_212-release-1586-b04), built by "builder" with MS VC++ 10.0 (VS2010)

time: Mon May 11 23:47:26 2020
timezone: India Standard Time
elapsed time: 18 seconds (0d 0h 0m 18s)

