#
# There is insufficient memory for the Java Runtime Environment to continue.
# Native memory allocation (malloc) failed to allocate 1508096 bytes for Chunk::new
# Possible reasons:
#   The system is out of physical RAM or swap space
#   The process is running with CompressedOops enabled, and the Java Heap may be blocking the growth of the native heap
# Possible solutions:
#   Reduce memory load on the system
#   Increase physical memory or swap space
#   Check if swap backing store is full
#   Decrease Java heap size (-Xmx/-Xms)
#   Decrease number of Java threads
#   Decrease Java thread stack sizes (-Xss)
#   Set larger code cache with -XX:ReservedCodeCacheSize=
#   JVM is running with Unscaled Compressed Oops mode in which the Java heap is
#     placed in the first 4GB address space. The Java Heap base address is the
#     maximum limit for the native heap growth. Please use -XX:HeapBaseMinAddress
#     to set the Java Heap base and to place the Java Heap above 4GB virtual address.
# This output file may be truncated or incomplete.
#
#  Out of Memory Error (allocation.cpp:389), pid=10336, tid=0x0000000000003308
#
# JRE version: OpenJDK Runtime Environment (8.0_212-b04) (build 1.8.0_212-release-1586-b04)
# Java VM: OpenJDK 64-Bit Server VM (25.212-b04 mixed mode windows-amd64 compressed oops)
# Failed to write core dump. Minidumps are not enabled by default on client versions of Windows
#

---------------  T H R E A D  ---------------

Current thread (0x0000000016a0d000):  JavaThread "C2 CompilerThread1" daemon [_thread_in_native, id=13064, stack(0x0000000018180000,0x0000000018280000)]

Stack: [0x0000000018180000,0x0000000018280000]
[error occurred during error reporting (printing stack bounds), id 0xc0000005]

Native frames: (J=compiled Java code, j=interpreted, Vv=VM code, C=native code)


Current CompileTask:
C2:   4182 1474       4       java.net.URLClassLoader$1::run (5 bytes)


---------------  P R O C E S S  ---------------

Java Threads: ( => current thread )
  0x0000000019cb5000 JavaThread "Cache worker for file hash cache (C:\Users\Admin\AndroidStudioProjects\Calculator_Assignment2\.gradle\5.6.4\fileHashes)" [_thread_blocked, id=11468, stack(0x000000001eb40000,0x000000001ec40000)]
  0x0000000019cb6800 JavaThread "Cache worker for journal cache (C:\Users\Admin\.gradle\caches\journal-1)" [_thread_blocked, id=4328, stack(0x000000001c7a0000,0x000000001c8a0000)]
  0x0000000019cb4000 JavaThread "File lock request listener" [_thread_in_native, id=13244, stack(0x000000001c6a0000,0x000000001c7a0000)]
  0x0000000019cb1000 JavaThread "Cache worker for file hash cache (C:\Users\Admin\.gradle\caches\5.6.4\fileHashes)" [_thread_blocked, id=11504, stack(0x000000001c3a0000,0x000000001c4a0000)]
  0x000000001a319800 JavaThread "Thread-9" [_thread_blocked, id=9972, stack(0x000000001c2a0000,0x000000001c3a0000)]
  0x000000001a335800 JavaThread "Stdin handler" [_thread_blocked, id=13644, stack(0x000000001c1a0000,0x000000001c2a0000)]
  0x000000001a333000 JavaThread "Asynchronous log dispatcher for DefaultDaemonConnection: socket connection from /127.0.0.1:50747 to /127.0.0.1:50748" [_thread_blocked, id=13036, stack(0x000000001c0a0000,0x000000001c1a0000)]
  0x000000001a2fa800 JavaThread "Daemon worker" [_thread_blocked, id=2988, stack(0x000000001bfa0000,0x000000001c0a0000)]
  0x000000001a2f9800 JavaThread "Cancel handler" [_thread_blocked, id=8448, stack(0x000000001bea0000,0x000000001bfa0000)]
  0x000000001a27f800 JavaThread "Handler for socket connection from /127.0.0.1:50747 to /127.0.0.1:50748" [_thread_in_native, id=13908, stack(0x000000001bba0000,0x000000001bca0000)]
  0x000000001a26f800 JavaThread "Daemon" [_thread_blocked, id=13400, stack(0x000000001baa0000,0x000000001bba0000)]
  0x000000001a2e0000 JavaThread "Daemon periodic checks" [_thread_blocked, id=9604, stack(0x000000001b9a0000,0x000000001baa0000)]
  0x000000001a296800 JavaThread "Incoming local TCP Connector on port 50747" [_thread_in_native, id=8408, stack(0x000000001b760000,0x000000001b860000)]
  0x0000000018713000 JavaThread "Daemon health stats" [_thread_blocked, id=11868, stack(0x000000001b120000,0x000000001b220000)]
  0x00000000183a0800 JavaThread "Service Thread" daemon [_thread_blocked, id=6596, stack(0x0000000018780000,0x0000000018880000)]
  0x0000000016a14800 JavaThread "C1 CompilerThread2" daemon [_thread_blocked, id=8032, stack(0x0000000018280000,0x0000000018380000)]
=>0x0000000016a0d000 JavaThread "C2 CompilerThread1" daemon [_thread_in_native, id=13064, stack(0x0000000018180000,0x0000000018280000)]
  0x0000000016a0a800 JavaThread "C2 CompilerThread0" daemon [_thread_in_native, id=12296, stack(0x0000000018080000,0x0000000018180000)]
  0x0000000016a17800 JavaThread "Attach Listener" daemon [_thread_blocked, id=7140, stack(0x0000000017f80000,0x0000000018080000)]
  0x0000000016a16000 JavaThread "Signal Dispatcher" daemon [_thread_blocked, id=3188, stack(0x0000000017e80000,0x0000000017f80000)]
  0x00000000169f9800 JavaThread "Finalizer" daemon [_thread_blocked, id=13828, stack(0x0000000017c80000,0x0000000017d80000)]
  0x0000000003092000 JavaThread "Reference Handler" daemon [_thread_blocked, id=13544, stack(0x0000000017b80000,0x0000000017c80000)]
  0x0000000002f6e800 JavaThread "main" [_thread_blocked, id=6532, stack(0x0000000002e20000,0x0000000002f20000)]

Other Threads:
  0x00000000169d6000 VMThread [stack: 0x0000000017a80000,0x0000000017b80000] [id=7368]
  0x00000000183a1000 WatcherThread [stack: 0x0000000018880000,0x0000000018980000] [id=10372]

VM state:not at safepoint (normal execution)

VM Mutex/Monitor currently owned by a thread: None

heap address: 0x00000000a0000000, size: 1536 MB, Compressed Oops mode: 32-bit
Narrow klass base: 0x0000000000000000, Narrow klass shift: 3
Compressed class space size: 1073741824 Address: 0x0000000100000000

Heap:
 PSYoungGen      total 38400K, used 34035K [0x00000000e0000000, 0x00000000e4b00000, 0x0000000100000000)
  eden space 33280K, 86% used [0x00000000e0000000,0x00000000e1c3cd60,0x00000000e2080000)
  from space 5120K, 100% used [0x00000000e2580000,0x00000000e2a80000,0x00000000e2a80000)
  to   space 5120K, 0% used [0x00000000e2080000,0x00000000e2080000,0x00000000e2580000)
 ParOldGen       total 87552K, used 3837K [0x00000000a0000000, 0x00000000a5580000, 0x00000000e0000000)
  object space 87552K, 4% used [0x00000000a0000000,0x00000000a03bf470,0x00000000a5580000)
 Metaspace       used 17478K, capacity 17918K, committed 18048K, reserved 1064960K
  class space    used 2507K, capacity 2659K, committed 2688K, reserved 1048576K

Card table byte_map: [0x0000000012460000,0x0000000012770000] byte_map_base: 0x0000000011f60000

Marking Bits: (ParMarkBitMap*) 0x00000000571a9f30
 Begin Bits: [0x0000000012d70000, 0x0000000014570000)
 End Bits:   [0x0000000014570000, 0x0000000015d70000)

Polling page: 0x00000000011d0000

CodeCache: size=245760Kb used=5454Kb max_used=5454Kb free=240305Kb
 bounds [0x00000000030a0000, 0x0000000003600000, 0x00000000120a0000]
 total_blobs=1973 nmethods=1572 adapters=314
 compilation: enabled

Compilation events (10 events):
Event: 4.099 Thread 0x0000000016a14800 1574       3       java.lang.reflect.Method::setMethodAccessor (21 bytes)
Event: 4.100 Thread 0x0000000016a14800 nmethod 1574 0x00000000035f43d0 code [0x00000000035f4540, 0x00000000035f48e8]
Event: 4.103 Thread 0x0000000016a14800 1575   !   3       org.gradle.internal.service.DefaultServiceRegistry$ManagedObjectServiceProvider::getInstance (81 bytes)
Event: 4.103 Thread 0x0000000016a14800 nmethod 1575 0x00000000035f4a10 code [0x00000000035f4b80, 0x00000000035f4fe8]
Event: 4.153 Thread 0x0000000016a14800 1576       3       java.util.concurrent.locks.AbstractQueuedSynchronizer::release (33 bytes)
Event: 4.154 Thread 0x0000000016a14800 nmethod 1576 0x00000000035f52d0 code [0x00000000035f5440, 0x00000000035f5758]
Event: 4.154 Thread 0x0000000016a14800 1577       3       java.lang.Enum::<init> (15 bytes)
Event: 4.154 Thread 0x0000000016a14800 nmethod 1577 0x00000000035f5850 code [0x00000000035f59a0, 0x00000000035f5b70]
Event: 4.169 Thread 0x0000000016a14800 1578       3       java.lang.reflect.Modifier::isPrivate (12 bytes)
Event: 4.169 Thread 0x0000000016a14800 nmethod 1578 0x00000000035f5c10 code [0x00000000035f5d60, 0x00000000035f5ef0]

GC Heap History (8 events):
Event: 1.419 GC heap before
{Heap before GC invocations=1 (full 0):
 PSYoungGen      total 38400K, used 33280K [0x00000000e0000000, 0x00000000e2a80000, 0x0000000100000000)
  eden space 33280K, 100% used [0x00000000e0000000,0x00000000e2080000,0x00000000e2080000)
  from space 5120K, 0% used [0x00000000e2580000,0x00000000e2580000,0x00000000e2a80000)
  to   space 5120K, 0% used [0x00000000e2080000,0x00000000e2080000,0x00000000e2580000)
 ParOldGen       total 87552K, used 0K [0x00000000a0000000, 0x00000000a5580000, 0x00000000e0000000)
  object space 87552K, 0% used [0x00000000a0000000,0x00000000a0000000,0x00000000a5580000)
 Metaspace       used 7019K, capacity 7264K, committed 7424K, reserved 1056768K
  class space    used 857K, capacity 940K, committed 1024K, reserved 1048576K
Event: 1.426 GC heap after
Heap after GC invocations=1 (full 0):
 PSYoungGen      total 38400K, used 4305K [0x00000000e0000000, 0x00000000e2a80000, 0x0000000100000000)
  eden space 33280K, 0% used [0x00000000e0000000,0x00000000e0000000,0x00000000e2080000)
  from space 5120K, 84% used [0x00000000e2080000,0x00000000e24b4440,0x00000000e2580000)
  to   space 5120K, 0% used [0x00000000e2580000,0x00000000e2580000,0x00000000e2a80000)
 ParOldGen       total 87552K, used 16K [0x00000000a0000000, 0x00000000a5580000, 0x00000000e0000000)
  object space 87552K, 0% used [0x00000000a0000000,0x00000000a0004000,0x00000000a5580000)
 Metaspace       used 7019K, capacity 7264K, committed 7424K, reserved 1056768K
  class space    used 857K, capacity 940K, committed 1024K, reserved 1048576K
}
Event: 1.858 GC heap before
{Heap before GC invocations=2 (full 0):
 PSYoungGen      total 38400K, used 37585K [0x00000000e0000000, 0x00000000e2a80000, 0x0000000100000000)
  eden space 33280K, 100% used [0x00000000e0000000,0x00000000e2080000,0x00000000e2080000)
  from space 5120K, 84% used [0x00000000e2080000,0x00000000e24b4440,0x00000000e2580000)
  to   space 5120K, 0% used [0x00000000e2580000,0x00000000e2580000,0x00000000e2a80000)
 ParOldGen       total 87552K, used 16K [0x00000000a0000000, 0x00000000a5580000, 0x00000000e0000000)
  object space 87552K, 0% used [0x00000000a0000000,0x00000000a0004000,0x00000000a5580000)
 Metaspace       used 7363K, capacity 7578K, committed 7680K, reserved 1056768K
  class space    used 912K, capacity 981K, committed 1024K, reserved 1048576K
Event: 1.863 GC heap after
Heap after GC invocations=2 (full 0):
 PSYoungGen      total 38400K, used 3489K [0x00000000e0000000, 0x00000000e2a80000, 0x0000000100000000)
  eden space 33280K, 0% used [0x00000000e0000000,0x00000000e0000000,0x00000000e2080000)
  from space 5120K, 68% used [0x00000000e2580000,0x00000000e28e8510,0x00000000e2a80000)
  to   space 5120K, 0% used [0x00000000e2080000,0x00000000e2080000,0x00000000e2580000)
 ParOldGen       total 87552K, used 24K [0x00000000a0000000, 0x00000000a5580000, 0x00000000e0000000)
  object space 87552K, 0% used [0x00000000a0000000,0x00000000a0006000,0x00000000a5580000)
 Metaspace       used 7363K, capacity 7578K, committed 7680K, reserved 1056768K
  class space    used 912K, capacity 981K, committed 1024K, reserved 1048576K
}
Event: 3.246 GC heap before
{Heap before GC invocations=3 (full 0):
 PSYoungGen      total 38400K, used 36769K [0x00000000e0000000, 0x00000000e2a80000, 0x0000000100000000)
  eden space 33280K, 100% used [0x00000000e0000000,0x00000000e2080000,0x00000000e2080000)
  from space 5120K, 68% used [0x00000000e2580000,0x00000000e28e8510,0x00000000e2a80000)
  to   space 5120K, 0% used [0x00000000e2080000,0x00000000e2080000,0x00000000e2580000)
 ParOldGen       total 87552K, used 24K [0x00000000a0000000, 0x00000000a5580000, 0x00000000e0000000)
  object space 87552K, 0% used [0x00000000a0000000,0x00000000a0006000,0x00000000a5580000)
 Metaspace       used 12459K, capacity 12906K, committed 13184K, reserved 1060864K
  class space    used 1681K, capacity 1835K, committed 1920K, reserved 1048576K
Event: 3.254 GC heap after
Heap after GC invocations=3 (full 0):
 PSYoungGen      total 38400K, used 5088K [0x00000000e0000000, 0x00000000e2a80000, 0x0000000100000000)
  eden space 33280K, 0% used [0x00000000e0000000,0x00000000e0000000,0x00000000e2080000)
  from space 5120K, 99% used [0x00000000e2080000,0x00000000e2578020,0x00000000e2580000)
  to   space 5120K, 0% used [0x00000000e2580000,0x00000000e2580000,0x00000000e2a80000)
 ParOldGen       total 87552K, used 1508K [0x00000000a0000000, 0x00000000a5580000, 0x00000000e0000000)
  object space 87552K, 1% used [0x00000000a0000000,0x00000000a01791b8,0x00000000a5580000)
 Metaspace       used 12459K, capacity 12906K, committed 13184K, reserved 1060864K
  class space    used 1681K, capacity 1835K, committed 1920K, reserved 1048576K
}
Event: 3.563 GC heap before
{Heap before GC invocations=4 (full 0):
 PSYoungGen      total 38400K, used 38368K [0x00000000e0000000, 0x00000000e2a80000, 0x0000000100000000)
  eden space 33280K, 100% used [0x00000000e0000000,0x00000000e2080000,0x00000000e2080000)
  from space 5120K, 99% used [0x00000000e2080000,0x00000000e2578020,0x00000000e2580000)
  to   space 5120K, 0% used [0x00000000e2580000,0x00000000e2580000,0x00000000e2a80000)
 ParOldGen       total 87552K, used 1508K [0x00000000a0000000, 0x00000000a5580000, 0x00000000e0000000)
  object space 87552K, 1% used [0x00000000a0000000,0x00000000a01791b8,0x00000000a5580000)
 Metaspace       used 14692K, capacity 15062K, committed 15360K, reserved 1062912K
  class space    used 2061K, capacity 2193K, committed 2304K, reserved 1048576K
Event: 3.572 GC heap after
Heap after GC invocations=4 (full 0):
 PSYoungGen      total 38400K, used 5120K [0x00000000e0000000, 0x00000000e4b00000, 0x0000000100000000)
  eden space 33280K, 0% used [0x00000000e0000000,0x00000000e0000000,0x00000000e2080000)
  from space 5120K, 100% used [0x00000000e2580000,0x00000000e2a80000,0x00000000e2a80000)
  to   space 5120K, 0% used [0x00000000e2080000,0x00000000e2080000,0x00000000e2580000)
 ParOldGen       total 87552K, used 3837K [0x00000000a0000000, 0x00000000a5580000, 0x00000000e0000000)
  object space 87552K, 4% used [0x00000000a0000000,0x00000000a03bf470,0x00000000a5580000)
 Metaspace       used 14692K, capacity 15062K, committed 15360K, reserved 1062912K
  class space    used 2061K, capacity 2193K, committed 2304K, reserved 1048576K
}

Deoptimization events (10 events):
Event: 3.160 Thread 0x000000001a2fa800 Uncommon trap: reason=bimorphic action=maybe_recompile pc=0x00000000032e7a40 method=java.util.HashMap.putVal(ILjava/lang/Object;Ljava/lang/Object;ZZ)Ljava/lang/Object; @ 253
Event: 3.161 Thread 0x000000001a2fa800 Uncommon trap: reason=bimorphic action=maybe_recompile pc=0x00000000032e7a40 method=java.util.HashMap.putVal(ILjava/lang/Object;Ljava/lang/Object;ZZ)Ljava/lang/Object; @ 253
Event: 3.161 Thread 0x000000001a2fa800 Uncommon trap: reason=bimorphic action=maybe_recompile pc=0x00000000032e7a40 method=java.util.HashMap.putVal(ILjava/lang/Object;Ljava/lang/Object;ZZ)Ljava/lang/Object; @ 253
Event: 3.161 Thread 0x000000001a2fa800 Uncommon trap: reason=bimorphic action=maybe_recompile pc=0x00000000032e14a0 method=java.util.HashMap.putVal(ILjava/lang/Object;Ljava/lang/Object;ZZ)Ljava/lang/Object; @ 253
Event: 3.389 Thread 0x000000001a2fa800 Uncommon trap: reason=class_check action=maybe_recompile pc=0x0000000003371658 method=java.util.regex.Matcher.match(II)Z @ 86
Event: 3.402 Thread 0x000000001a2fa800 Uncommon trap: reason=class_check action=maybe_recompile pc=0x0000000003371658 method=java.util.regex.Matcher.match(II)Z @ 86
Event: 3.403 Thread 0x000000001a2fa800 Uncommon trap: reason=class_check action=maybe_recompile pc=0x0000000003371658 method=java.util.regex.Matcher.match(II)Z @ 86
Event: 3.403 Thread 0x000000001a2fa800 Uncommon trap: reason=class_check action=maybe_recompile pc=0x000000000320dadc method=java.util.regex.Matcher.match(II)Z @ 86
Event: 3.702 Thread 0x000000001a2fa800 Uncommon trap: reason=unstable_if action=reinterpret pc=0x0000000003539374 method=java.lang.String.lastIndexOf([CII[CIII)I @ 66
Event: 3.906 Thread 0x000000001a2fa800 Uncommon trap: reason=unstable_if action=reinterpret pc=0x00000000035a4834 method=java.util.HashMap.putVal(ILjava/lang/Object;Ljava/lang/Object;ZZ)Ljava/lang/Object; @ 236

Classes redefined (0 events):
No events

Internal exceptions (10 events):
Event: 3.041 Thread 0x000000001a27f800 Exception <a 'java/lang/NoSuchMethodError': <clinit>> (0x00000000e17d9b30) thrown at [D:\src\AOSP-openjdk-cygwin\jdk8u\hotspot\src\share\vm\prims\jni.cpp, line 1614]
Event: 3.044 Thread 0x000000001a27f800 Exception <a 'java/lang/NoSuchMethodError': <clinit>> (0x00000000e17e27c0) thrown at [D:\src\AOSP-openjdk-cygwin\jdk8u\hotspot\src\share\vm\prims\jni.cpp, line 1614]
Event: 3.048 Thread 0x000000001a27f800 Exception <a 'java/lang/NoSuchMethodError': <clinit>> (0x00000000e17f8d88) thrown at [D:\src\AOSP-openjdk-cygwin\jdk8u\hotspot\src\share\vm\prims\jni.cpp, line 1614]
Event: 3.062 Thread 0x000000001a27f800 Exception <a 'java/lang/NoSuchMethodError': <clinit>> (0x00000000e1856e90) thrown at [D:\src\AOSP-openjdk-cygwin\jdk8u\hotspot\src\share\vm\prims\jni.cpp, line 1614]
Event: 3.068 Thread 0x000000001a27f800 Exception <a 'java/lang/NoSuchMethodError': <clinit>> (0x00000000e1883b80) thrown at [D:\src\AOSP-openjdk-cygwin\jdk8u\hotspot\src\share\vm\prims\jni.cpp, line 1614]
Event: 3.113 Thread 0x000000001a27f800 Exception <a 'java/lang/NoSuchMethodError': <clinit>> (0x00000000e18b1f08) thrown at [D:\src\AOSP-openjdk-cygwin\jdk8u\hotspot\src\share\vm\prims\jni.cpp, line 1614]
Event: 3.122 Thread 0x000000001a27f800 Exception <a 'java/lang/NoSuchMethodError': <clinit>> (0x00000000e18bd310) thrown at [D:\src\AOSP-openjdk-cygwin\jdk8u\hotspot\src\share\vm\prims\jni.cpp, line 1614]
Event: 3.651 Thread 0x000000001a2fa800 Exception <a 'java/lang/NoSuchMethodError': java.lang.Object.lambda$and$0(Ljava/util/function/Predicate;Ljava/lang/Object;)Z> (0x00000000e042f6d8) thrown at [D:\src\AOSP-openjdk-cygwin\jdk8u\hotspot\src\share\vm\interpreter\linkResolver.cpp, line 620]
Event: 3.667 Thread 0x000000001a2fa800 Exception <a 'java/lang/IncompatibleClassChangeError': Found class java.lang.Object, but interface was expected> (0x00000000e04459c8) thrown at [D:\src\AOSP-openjdk-cygwin\jdk8u\hotspot\src\share\vm\interpreter\linkResolver.cpp, line 653]
Event: 3.670 Thread 0x000000001a2fa800 Exception <a 'java/lang/NoSuchMethodError': java.lang.Object.lambda$or$2(Ljava/util/function/Predicate;Ljava/lang/Object;)Z> (0x00000000e044a8d8) thrown at [D:\src\AOSP-openjdk-cygwin\jdk8u\hotspot\src\share\vm\interpreter\linkResolver.cpp, line 620]

Events (10 events):
Event: 4.167 loading class org/gradle/api/internal/plugins/PluginManagerInternal done
Event: 4.167 loading class org/gradle/util/Path
Event: 4.167 loading class org/gradle/util/Path done
Event: 4.168 loading class org/gradle/execution/taskgraph/TaskExecutionGraphInternal
Event: 4.168 loading class org/gradle/execution/taskgraph/TaskExecutionGraphInternal done
Event: 4.168 loading class org/gradle/api/internal/plugins/DefaultObjectConfigurationAction
Event: 4.168 loading class org/gradle/api/internal/plugins/DefaultObjectConfigurationAction done
Event: 4.168 loading class org/gradle/api/plugins/ObjectConfigurationAction
Event: 4.168 loading class org/gradle/api/plugins/ObjectConfigurationAction done
Event: 4.175 Executing VM operation: EnableBiasedLocking


Dynamic libraries:
0x00007ff6db800000 - 0x00007ff6db831000 	C:\Program Files\Android\Android Studio1\jre\bin\java.exe
0x00007fff13bc0000 - 0x00007fff13db0000 	C:\WINDOWS\SYSTEM32\ntdll.dll
0x00007fff13ac0000 - 0x00007fff13b72000 	C:\WINDOWS\System32\KERNEL32.DLL
0x00007fff11790000 - 0x00007fff11a33000 	C:\WINDOWS\System32\KERNELBASE.dll
0x00007fff12d80000 - 0x00007fff12e23000 	C:\WINDOWS\System32\ADVAPI32.dll
0x00007fff12eb0000 - 0x00007fff12f4e000 	C:\WINDOWS\System32\msvcrt.dll
0x00007fff12a10000 - 0x00007fff12aa7000 	C:\WINDOWS\System32\sechost.dll
0x00007fff11f60000 - 0x00007fff12080000 	C:\WINDOWS\System32\RPCRT4.dll
0x00007fff126c0000 - 0x00007fff12854000 	C:\WINDOWS\System32\USER32.dll
0x00007fff10f60000 - 0x00007fff10f81000 	C:\WINDOWS\System32\win32u.dll
0x00007fff11ef0000 - 0x00007fff11f16000 	C:\WINDOWS\System32\GDI32.dll
0x00007fff11ad0000 - 0x00007fff11c64000 	C:\WINDOWS\System32\gdi32full.dll
0x00007fff10c70000 - 0x00007fff10d0e000 	C:\WINDOWS\System32\msvcp_win.dll
0x00007fff10b70000 - 0x00007fff10c6a000 	C:\WINDOWS\System32\ucrtbase.dll
0x00007ffef4c90000 - 0x00007ffef4f15000 	C:\WINDOWS\WinSxS\amd64_microsoft.windows.common-controls_6595b64144ccf1df_6.0.18362.778_none_e6c6b761130d4fb8\COMCTL32.dll
0x00007fff12230000 - 0x00007fff12566000 	C:\WINDOWS\System32\combase.dll
0x00007fff10f90000 - 0x00007fff11010000 	C:\WINDOWS\System32\bcryptPrimitives.dll
0x00007fff11f20000 - 0x00007fff11f4e000 	C:\WINDOWS\System32\IMM32.DLL
0x0000000057550000 - 0x0000000057622000 	C:\Program Files\Android\Android Studio1\jre\jre\bin\msvcr100.dll
0x00000000569e0000 - 0x0000000057226000 	C:\Program Files\Android\Android Studio1\jre\jre\bin\server\jvm.dll
0x00007fff13640000 - 0x00007fff13648000 	C:\WINDOWS\System32\PSAPI.DLL
0x00007fff0c730000 - 0x00007fff0c739000 	C:\WINDOWS\SYSTEM32\WSOCK32.dll
0x00007fff082e0000 - 0x00007fff082ea000 	C:\WINDOWS\SYSTEM32\VERSION.dll
0x00007fff0b880000 - 0x00007fff0b8a4000 	C:\WINDOWS\SYSTEM32\WINMM.dll
0x00007fff12860000 - 0x00007fff128cf000 	C:\WINDOWS\System32\WS2_32.dll
0x00007fff0b760000 - 0x00007fff0b78d000 	C:\WINDOWS\SYSTEM32\winmmbase.dll
0x00007fff10d10000 - 0x00007fff10d5a000 	C:\WINDOWS\System32\cfgmgr32.dll
0x00007fff0b440000 - 0x00007fff0b44f000 	C:\Program Files\Android\Android Studio1\jre\jre\bin\verify.dll
0x00007ffee5bc0000 - 0x00007ffee5be9000 	C:\Program Files\Android\Android Studio1\jre\jre\bin\java.dll
0x00007ffed4fc0000 - 0x00007ffed4fd6000 	C:\Program Files\Android\Android Studio1\jre\jre\bin\zip.dll
0x00007fff12f50000 - 0x00007fff13635000 	C:\WINDOWS\System32\SHELL32.dll
0x00007fff11cd0000 - 0x00007fff11d79000 	C:\WINDOWS\System32\shcore.dll
0x00007fff11010000 - 0x00007fff11790000 	C:\WINDOWS\System32\windows.storage.dll
0x00007fff10b20000 - 0x00007fff10b43000 	C:\WINDOWS\System32\profapi.dll
0x00007fff10ad0000 - 0x00007fff10b1a000 	C:\WINDOWS\System32\powrprof.dll
0x00007fff10a80000 - 0x00007fff10a90000 	C:\WINDOWS\System32\UMPDC.dll
0x00007fff11c70000 - 0x00007fff11cc2000 	C:\WINDOWS\System32\shlwapi.dll
0x00007fff10a90000 - 0x00007fff10aa1000 	C:\WINDOWS\System32\kernel.appcore.dll
0x00007fff10b50000 - 0x00007fff10b67000 	C:\WINDOWS\System32\cryptsp.dll
0x00007ffed4fa0000 - 0x00007ffed4fba000 	C:\Program Files\Android\Android Studio1\jre\jre\bin\net.dll
0x00007fff04170000 - 0x00007fff04345000 	C:\WINDOWS\SYSTEM32\urlmon.dll
0x00007fff03e40000 - 0x00007fff040e6000 	C:\WINDOWS\SYSTEM32\iertutil.dll
0x00007fff104c0000 - 0x00007fff104cc000 	C:\WINDOWS\SYSTEM32\CRYPTBASE.DLL
0x00007fff102f0000 - 0x00007fff10357000 	C:\WINDOWS\system32\mswsock.dll
0x00007ffed4f80000 - 0x00007ffed4f93000 	C:\Program Files\Android\Android Studio1\jre\jre\bin\nio.dll
0x00007fff0c070000 - 0x00007fff0c096000 	C:\Users\Admin\.gradle\native\30\windows-amd64\native-platform.dll
0x00007fff0ac90000 - 0x00007fff0ac9d000 	C:\Program Files\Android\Android Studio1\jre\jre\bin\management.dll
0x00007fff0fe60000 - 0x00007fff0fe93000 	C:\WINDOWS\system32\rsaenh.dll
0x00007fff11aa0000 - 0x00007fff11ac6000 	C:\WINDOWS\System32\bcrypt.dll
0x00007fff10970000 - 0x00007fff10995000 	C:\WINDOWS\SYSTEM32\USERENV.dll
0x00007fff10000000 - 0x00007fff1003a000 	C:\WINDOWS\SYSTEM32\IPHLPAPI.DLL
0x00007fff11f50000 - 0x00007fff11f58000 	C:\WINDOWS\System32\NSI.dll
0x00007fff08a70000 - 0x00007fff08a86000 	C:\WINDOWS\SYSTEM32\dhcpcsvc6.DLL
0x00007fff09d20000 - 0x00007fff09d3c000 	C:\WINDOWS\SYSTEM32\dhcpcsvc.DLL
0x00007fff10040000 - 0x00007fff1010a000 	C:\WINDOWS\SYSTEM32\DNSAPI.dll

VM Arguments:
jvm_args: -Xmx1536m -Dfile.encoding=windows-1252 -Duser.country=IN -Duser.language=en -Duser.variant 
java_command: org.gradle.launcher.daemon.bootstrap.GradleDaemon 5.6.4
java_class_path (initial): C:\Users\Admin\.gradle\wrapper\dists\gradle-5.6.4-all\ankdp27end7byghfw1q2sw75f\gradle-5.6.4\lib\gradle-launcher-5.6.4.jar
Launcher Type: SUN_STANDARD

Environment Variables:
PATH=C:\WINDOWS\system32;C:\WINDOWS;C:\WINDOWS\System32\Wbem;C:\WINDOWS\System32\WindowsPowerShell\v1.0\;C:\WINDOWS\System32\OpenSSH\;C:\Program Files\dotnet\;C:\Program Files\Microsoft SQL Server\Client SDK\ODBC\170\Tools\Binn\;C:\Program Files (x86)\Microsoft SQL Server\110\Tools\Binn\;C:\Program Files\Microsoft SQL Server\110\Tools\Binn\;C:\Program Files\Microsoft SQL Server\110\DTS\Binn\;C:\WINDOWS\system32\config\systemprofile\.dnx\bin;C:\Program Files\Microsoft DNX\Dnvm\;C:\Users\Admin\AppData\Local\Programs\Python\Python37-32\Scripts\;C:\Users\Admin\AppData\Local\Programs\Python\Python37-32\;C:\Users\Admin\AppData\Local\Programs\MiKTeX 2.9\miktex\bin\x64\;C:\Users\Admin\AppData\Local\Microsoft\WindowsApps;;C:\Users\Admin\AppData\Local\Programs\Microsoft VS Code\bin
USERNAME=Admin
OS=Windows_NT
PROCESSOR_IDENTIFIER=Intel64 Family 6 Model 78 Stepping 3, GenuineIntel



---------------  S Y S T E M  ---------------

OS: Windows 10.0 , 64 bit Build 18362 (10.0.18362.778)

CPU:total 4 (initial active 4) (2 cores per cpu, 2 threads per core) family 6 model 78 stepping 3, cmov, cx8, fxsr, mmx, sse, sse2, sse3, ssse3, sse4.1, sse4.2, popcnt, avx, avx2, aes, clmul, erms, rtm, 3dnowpref, lzcnt, ht, tsc, tscinvbit, bmi1, bmi2, adx

Memory: 4k page, physical 8267904k(368464k free), swap 27403900k(5780k free)

vm_info: OpenJDK 64-Bit Server VM (25.212-b04) for windows-amd64 JRE (1.8.0_212-release-1586-b04), built by "builder" with MS VC++ 10.0 (VS2010)

time: Mon May 11 23:48:10 2020
timezone: India Standard Time
elapsed time: 4 seconds (0d 0h 0m 4s)

